1                                                          The SAS System                          11:36 Thursday, February 11, 2016

NOTE: Unable to open SASUSER.REGSTRY. WORK.REGSTRY will be opened instead.
NOTE: All registry changes will be lost at the end of the session.

WARNING: Unable to copy SASUSER registry to WORK registry. Because of this, you will not see registry customizations during this 
         session.
NOTE: Unable to open SASUSER.PROFILE. WORK.PROFILE will be opened instead.
NOTE: All profile changes will be lost at the end of the session.
NOTE: Copyright (c) 2002-2012 by SAS Institute Inc., Cary, NC, USA. 
NOTE: SAS (r) Proprietary Software 9.4 (TS1M1) 
      Licensed to USCB ELA, Site 70182167.
NOTE: This session is executing on the Linux 2.6.32-573.12.1.el6.x86_64 (LIN X64) platform.



NOTE: Updated analytical products:
      
      SAS/STAT 13.1
      SAS/ETS 13.1
      SAS/OR 13.1
      SAS/IML 13.1
      SAS/QC 13.1

NOTE: Additional host information:

 Linux LIN X64 2.6.32-573.12.1.el6.x86_64 #1 SMP Mon Nov 23 12:55:32 EST 2015 x86_64 Red Hat Enterprise Linux Server release 6.7 
      (Santiago) 

You are running SAS 9. Some SAS 8 files will be automatically converted 
by the V9 engine; others are incompatible.  Please see 
http://support.sas.com/rnd/migration/planning/platform/64bit.html

PROC MIGRATE will preserve current SAS file attributes and is 
recommended for converting all your SAS libraries from any 
SAS 8 release to SAS 9.  For details and examples, please see
http://support.sas.com/rnd/migration/index.html


This message is contained in the SAS news file, and is presented upon
initialization.  Edit the file "news" in the "misc/base" directory to
display site-specific news and information in the program log.
The command line option "-nonews" will prevent this display.




NOTE: SAS initialization used:
      real time           0.01 seconds
      cpu time            0.02 seconds
      
1          * Mobility Zones (MobZ);
2          * Execute control program to run selected modules;	
3          options  mlogic symbolgen spool;
4          * Modules, set to 1 to run, otherwise 0;	
5          
6          %let run_preplodes=0;
7          %let run_prepjtw1990=0;
8          %let run_prepjtw2000=0;
9          %let run_prepjtw2009=0;
2                                                          The SAS System                          11:36 Thursday, February 11, 2016

10         
11         %let run_geoagglodes = 0 ;
12         %let run_geoaggjtw1990 =0 ;
13         %let run_geoaggjtw2000 = 0 ;
14         %let run_geoaggjtw2009 = 0 ;
15         
16         %let run_clustlodes=0;
17         %let run_clustjtw1990=0;
18         %let run_clustjtw2000=0;	
19         %let run_clustjtw2009=0;
20         
21         %let run_reviewlodes  =0;
22         %let run_reviewjtw1990=1;
23         %let run_reviewjtw2000=0;
24         %let run_reviewjtw2009=0;
25         
26         %let run_contjtw1990 = 0;
27         
28         %let run_comparejtw1990 =0 ;
29         
30         %let run_regionreviewjtw1990 = 0;
31         
32         %let run_regclustjtw1990 = 0;
33         %let run_regclustjtw2000 = 0 ;
34         %let run_regclustjtw2009 = 0 ;
35         %let run_regclustlodes = 0 ;
36         
37         %let run_mapjtw1990 = 1;
38         %let run_mapjtw2000 = 0 ;
39         %let run_mapjtw2009 = 0 ;
40         %let run_maplodes =  0;
41         
42         %let run_divergencejtw1990= 0;
43         %let run_divergencejtw2000 = 0 ;
44         %let run_divergencejtw2009 =0;
45         %let run_divergencelodes = 0;
46         
47         %let run_divergenceregjtw1990 = 0 ;
48         
49         %let run_perturbjtw2009 = 0 ;	
50         
51         %let run_graph = 0;
52         %let run_graph_regions = 0;
53         
54         
55         %let run_bootstrap_statistics = 0;
56         
57         %let run_clusternaming = 0 ;	
58         
59         %let run_alternateclusters = 0 ;
60         %let run_fastclus = 0;
61         
62         %let run_recession =0;
63         
64         %let run_test = 0;
65         
66         %let run_industry = 0  ;
67         %let run_fastclusseeds = 0;
3                                                          The SAS System                          11:36 Thursday, February 11, 2016

68         
69         %let run_objfn = 0;
70         	
71         *LODES ;
72         * job type;
73         %let jt=00;
74         * year ;
75         %let year=2008;
76         
77         * Cluster threshold;
78         %let cutoff=0.9418 ; /*national cutoff for their way*/
79         *%let cutoff=0.98 ;
80         
81         /*Eventually, do a cutoff specific to each year*/
82         %let cutoff_jtw1990 =0.9418 ;
83         %let cutoff_jtw2000 = 0.98 ;
84         %let cutoff_jtw2009 = 0.96 ;
85         %let cutoff_lodes = 0.98 ;	
86         
87         * Paths;
88         %let dirprog=/programs/projects/mobz2;
89         %let dirdata=/data/working/mobz/;
90         libname OUTPUTS "&dirdata./outputs";
SYMBOLGEN:  Macro variable DIRDATA resolves to /data/working/mobz/
NOTE: Libref OUTPUTS was successfully assigned as follows: 
      Engine:        V9 
      Physical Name: /data/working/mobz//outputs
91         libname LODES "&dirdata./lodes" access=readonly;
SYMBOLGEN:  Macro variable DIRDATA resolves to /data/working/mobz/
NOTE: Libref LODES was successfully assigned as follows: 
      Engine:        V9 
      Physical Name: /data/working/mobz//lodes
92         libname GEO "&dirdata./geo" ;
SYMBOLGEN:  Macro variable DIRDATA resolves to /data/working/mobz/
NOTE: Libref GEO was successfully assigned as follows: 
      Engine:        V9 
      Physical Name: /data/working/mobz//geo
93         options sasautos="&dirprog./macros" mautosource nocenter ps=1000;
SYMBOLGEN:  Macro variable DIRPROG resolves to /programs/projects/mobz2
94         
95         %global tstamp;
96         %let t=%sysfunc(today());
97         %let tt=%sysfunc(time());
98         %let dstamp=%trim(%sysfunc(year(&t.),z4.))%trim(%sysfunc(month(&t.),z2.))%trim(%sysfunc(day(&t.),z2.));
WARNING: Apparent invocation of macro TRIM not resolved.
SYMBOLGEN:  Macro variable T resolves to 20495
WARNING: Apparent invocation of macro TRIM not resolved.
SYMBOLGEN:  Macro variable T resolves to 20495
WARNING: Apparent invocation of macro TRIM not resolved.
SYMBOLGEN:  Macro variable T resolves to 20495
99         %let tstamp=&dstamp._%trim(%sysfunc(hour(&tt.),z2.))%trim(%sysfunc(minute(&tt.),z2.))%trim(%sysfunc(second(&tt.),z2.));
SYMBOLGEN:  Macro variable DSTAMP resolves to %trim(2016)%trim(02)%trim(11)
WARNING: Apparent invocation of macro TRIM not resolved.
WARNING: Apparent invocation of macro TRIM not resolved.
WARNING: Apparent invocation of macro TRIM not resolved.
WARNING: Apparent invocation of macro TRIM not resolved.
SYMBOLGEN:  Macro variable TT resolves to 41773.0578300952
WARNING: Apparent invocation of macro TRIM not resolved.
SYMBOLGEN:  Macro variable TT resolves to 41773.0578300952
WARNING: Apparent invocation of macro TRIM not resolved.
SYMBOLGEN:  Macro variable TT resolves to 41773.0578300952
100        
101        /* Overall Macro */
102        %macro runall;
103        
104        * Modules;
105        %macro runmod(val,modname);
106        %put module &modname.;
107        %if (&val.=1) %then %do;
108        proc printto
109            log="&dirprog./loglst/module_&modname..log" new
110            print="&dirprog./loglst/module_&modname..lst" new;
111        run;
112        %include "&dirprog./modules/module_&modname..sas";			
113        proc printto
114            log="&dirprog./ctrl_mobz.log" new
115            print="&dirprog./ctrl_mobz.lst" new;
116        run;
117        %end;
118        %mend runmod;
119        
120        * Create one for each module;
121        %runmod(&run_preplodes.,preplodes);
122        %runmod(&run_prepjtw1990., prepjtw1990) ;
123        %runmod(&run_prepjtw2000., prepjtw2000) ;
124        %runmod(&run_prepjtw2009., prepjtw2009) ;
125        
126        %runmod(&run_geoagglodes.,geoagglodes) ;
127        %runmod(&run_geoaggjtw1990.,geoaggjtw1990) ;
128        %runmod(&run_geoaggjtw2000.,geoaggjtw2000);
129        %runmod(&run_geoaggjtw2009.,geoaggjtw2009) ;
130        
131        %runmod(&run_clustlodes.,clustlodes) ;
132        %runmod(&run_clustjtw1990.,clustjtw1990) ;
133        %runmod(&run_clustjtw2000.,clustjtw2000) ;
134        %runmod(&run_clustjtw2009.,clustjtw2009) ;
135        
136        %runmod(&run_reviewlodes.,   reviewlodes);
137        %runmod(&run_reviewjtw1990., reviewjtw1990) ;
138        %runmod(&run_reviewjtw2000., reviewjtw2000);
139        %runmod(&run_reviewjtw2009., reviewjtw2009);
140        
141        %runmod(&run_contjtw1990.,contjtw1990) ;
142        
143        %runmod(&run_comparejtw1990.,comparejtw1990) ;
144        
145        %runmod(&run_regclustjtw1990.,regclustjtw1990) ;
146        %runmod(&run_regclustjtw2000.,regclustjtw2000) ;
147        %runmod(&run_regclustjtw2009.,regclustjtw2009) ;
148        %runmod(&run_regclustlodes.,regclustlodes) ;
149        
150        %runmod(&run_regionreviewjtw1990., regionreviewjtw1990) ;
151        
152        %runmod(&run_mapjtw1990.,mapjtw1990) ;
153        %runmod(&run_mapjtw2000.,mapjtw2000) ;
154        %runmod(&run_mapjtw2009.,mapjtw2009) ;
155        %runmod(&run_maplodes.,maplodes) ;
156        
157        %runmod(&run_divergencejtw1990.,divergencejtw1990);
158        %runmod(&run_divergencejtw2000.,divergencejtw2000);
159        %runmod(&run_divergencejtw2009.,divergencejtw2009);
160        %runmod(&run_divergencelodes.,divergencelodes);
161        
162        %runmod(&run_graph.,graph);
163        %runmod(&run_graph_regions.,graph_regions);
164        
165        %runmod(&run_divergenceregjtw1990.,divergenceregjtw1990) ;
166        
167        %runmod(&run_perturbjtw2009., perturbjtw2009) ;
168        
169        %runmod(&run_bootstrap_statistics., bootstrap) ;
170        
171        %runmod(&run_clusternaming., clusternaming) ;
172        
173        %runmod(&run_alternateclusters., alternateclusters);
174        
175        %runmod(&run_recession.,recession) ;
176        
177        %runmod(&run_test.,test) ;
178        
179        %runmod(&run_fastclus.,fastclus) ;	
180        
181        %runmod(&run_industry.,industry) ;
182        
183        %runmod(&run_objfn.,objfn) ;
184        %runmod(&run_fastclusseeds.,fastclusseeds) ;	
185        
186        %mend runall;
187        * run all;
188        %runall;
MLOGIC(RUNALL):  Beginning execution.
MLOGIC(RUNMOD):  Beginning execution.
SYMBOLGEN:  Macro variable RUN_PREPLODES resolves to 0
MLOGIC(RUNMOD):  Parameter VAL has value 0
MLOGIC(RUNMOD):  Parameter MODNAME has value preplodes
MLOGIC(RUNMOD):  %PUT module &modname.
SYMBOLGEN:  Macro variable MODNAME resolves to preplodes
module preplodes
SYMBOLGEN:  Macro variable VAL resolves to 0
MLOGIC(RUNMOD):  %IF condition (&val.=1) is FALSE
MLOGIC(RUNMOD):  Ending execution.
MLOGIC(RUNMOD):  Beginning execution.
SYMBOLGEN:  Macro variable RUN_PREPJTW1990 resolves to 0
MLOGIC(RUNMOD):  Parameter VAL has value 0
MLOGIC(RUNMOD):  Parameter MODNAME has value prepjtw1990
MLOGIC(RUNMOD):  %PUT module &modname.
SYMBOLGEN:  Macro variable MODNAME resolves to prepjtw1990
module prepjtw1990
SYMBOLGEN:  Macro variable VAL resolves to 0
MLOGIC(RUNMOD):  %IF condition (&val.=1) is FALSE
MLOGIC(RUNMOD):  Ending execution.
MLOGIC(RUNMOD):  Beginning execution.
SYMBOLGEN:  Macro variable RUN_PREPJTW2000 resolves to 0
MLOGIC(RUNMOD):  Parameter VAL has value 0
MLOGIC(RUNMOD):  Parameter MODNAME has value prepjtw2000
MLOGIC(RUNMOD):  %PUT module &modname.
SYMBOLGEN:  Macro variable MODNAME resolves to prepjtw2000
module prepjtw2000
SYMBOLGEN:  Macro variable VAL resolves to 0
MLOGIC(RUNMOD):  %IF condition (&val.=1) is FALSE
MLOGIC(RUNMOD):  Ending execution.
MLOGIC(RUNMOD):  Beginning execution.
SYMBOLGEN:  Macro variable RUN_PREPJTW2009 resolves to 0
MLOGIC(RUNMOD):  Parameter VAL has value 0
MLOGIC(RUNMOD):  Parameter MODNAME has value prepjtw2009
MLOGIC(RUNMOD):  %PUT module &modname.
SYMBOLGEN:  Macro variable MODNAME resolves to prepjtw2009
module prepjtw2009
SYMBOLGEN:  Macro variable VAL resolves to 0
MLOGIC(RUNMOD):  %IF condition (&val.=1) is FALSE
MLOGIC(RUNMOD):  Ending execution.
MLOGIC(RUNMOD):  Beginning execution.
SYMBOLGEN:  Macro variable RUN_GEOAGGLODES resolves to 0
MLOGIC(RUNMOD):  Parameter VAL has value 0
MLOGIC(RUNMOD):  Parameter MODNAME has value geoagglodes
MLOGIC(RUNMOD):  %PUT module &modname.
SYMBOLGEN:  Macro variable MODNAME resolves to geoagglodes
module geoagglodes
SYMBOLGEN:  Macro variable VAL resolves to 0
MLOGIC(RUNMOD):  %IF condition (&val.=1) is FALSE
MLOGIC(RUNMOD):  Ending execution.
MLOGIC(RUNMOD):  Beginning execution.
SYMBOLGEN:  Macro variable RUN_GEOAGGJTW1990 resolves to 0
MLOGIC(RUNMOD):  Parameter VAL has value 0
MLOGIC(RUNMOD):  Parameter MODNAME has value geoaggjtw1990
MLOGIC(RUNMOD):  %PUT module &modname.
SYMBOLGEN:  Macro variable MODNAME resolves to geoaggjtw1990
module geoaggjtw1990
SYMBOLGEN:  Macro variable VAL resolves to 0
MLOGIC(RUNMOD):  %IF condition (&val.=1) is FALSE
MLOGIC(RUNMOD):  Ending execution.
MLOGIC(RUNMOD):  Beginning execution.
SYMBOLGEN:  Macro variable RUN_GEOAGGJTW2000 resolves to 0
MLOGIC(RUNMOD):  Parameter VAL has value 0
MLOGIC(RUNMOD):  Parameter MODNAME has value geoaggjtw2000
MLOGIC(RUNMOD):  %PUT module &modname.
SYMBOLGEN:  Macro variable MODNAME resolves to geoaggjtw2000
module geoaggjtw2000
SYMBOLGEN:  Macro variable VAL resolves to 0
MLOGIC(RUNMOD):  %IF condition (&val.=1) is FALSE
MLOGIC(RUNMOD):  Ending execution.
MLOGIC(RUNMOD):  Beginning execution.
SYMBOLGEN:  Macro variable RUN_GEOAGGJTW2009 resolves to 0
MLOGIC(RUNMOD):  Parameter VAL has value 0
MLOGIC(RUNMOD):  Parameter MODNAME has value geoaggjtw2009
MLOGIC(RUNMOD):  %PUT module &modname.
SYMBOLGEN:  Macro variable MODNAME resolves to geoaggjtw2009
module geoaggjtw2009
SYMBOLGEN:  Macro variable VAL resolves to 0
MLOGIC(RUNMOD):  %IF condition (&val.=1) is FALSE
MLOGIC(RUNMOD):  Ending execution.
MLOGIC(RUNMOD):  Beginning execution.
SYMBOLGEN:  Macro variable RUN_CLUSTLODES resolves to 0
MLOGIC(RUNMOD):  Parameter VAL has value 0
MLOGIC(RUNMOD):  Parameter MODNAME has value clustlodes
MLOGIC(RUNMOD):  %PUT module &modname.
SYMBOLGEN:  Macro variable MODNAME resolves to clustlodes
module clustlodes
SYMBOLGEN:  Macro variable VAL resolves to 0
MLOGIC(RUNMOD):  %IF condition (&val.=1) is FALSE
MLOGIC(RUNMOD):  Ending execution.
MLOGIC(RUNMOD):  Beginning execution.
SYMBOLGEN:  Macro variable RUN_CLUSTJTW1990 resolves to 0
MLOGIC(RUNMOD):  Parameter VAL has value 0
MLOGIC(RUNMOD):  Parameter MODNAME has value clustjtw1990
MLOGIC(RUNMOD):  %PUT module &modname.
SYMBOLGEN:  Macro variable MODNAME resolves to clustjtw1990
module clustjtw1990
SYMBOLGEN:  Macro variable VAL resolves to 0
MLOGIC(RUNMOD):  %IF condition (&val.=1) is FALSE
MLOGIC(RUNMOD):  Ending execution.
MLOGIC(RUNMOD):  Beginning execution.
SYMBOLGEN:  Macro variable RUN_CLUSTJTW2000 resolves to 0
MLOGIC(RUNMOD):  Parameter VAL has value 0
MLOGIC(RUNMOD):  Parameter MODNAME has value clustjtw2000
MLOGIC(RUNMOD):  %PUT module &modname.
SYMBOLGEN:  Macro variable MODNAME resolves to clustjtw2000
module clustjtw2000
SYMBOLGEN:  Macro variable VAL resolves to 0
MLOGIC(RUNMOD):  %IF condition (&val.=1) is FALSE
MLOGIC(RUNMOD):  Ending execution.
MLOGIC(RUNMOD):  Beginning execution.
SYMBOLGEN:  Macro variable RUN_CLUSTJTW2009 resolves to 0
MLOGIC(RUNMOD):  Parameter VAL has value 0
MLOGIC(RUNMOD):  Parameter MODNAME has value clustjtw2009
MLOGIC(RUNMOD):  %PUT module &modname.
SYMBOLGEN:  Macro variable MODNAME resolves to clustjtw2009
module clustjtw2009
SYMBOLGEN:  Macro variable VAL resolves to 0
MLOGIC(RUNMOD):  %IF condition (&val.=1) is FALSE
MLOGIC(RUNMOD):  Ending execution.
MLOGIC(RUNMOD):  Beginning execution.
SYMBOLGEN:  Macro variable RUN_REVIEWLODES resolves to 0
MLOGIC(RUNMOD):  Parameter VAL has value 0
MLOGIC(RUNMOD):  Parameter MODNAME has value reviewlodes
MLOGIC(RUNMOD):  %PUT module &modname.
SYMBOLGEN:  Macro variable MODNAME resolves to reviewlodes
module reviewlodes
SYMBOLGEN:  Macro variable VAL resolves to 0
MLOGIC(RUNMOD):  %IF condition (&val.=1) is FALSE
MLOGIC(RUNMOD):  Ending execution.
MLOGIC(RUNMOD):  Beginning execution.
SYMBOLGEN:  Macro variable RUN_REVIEWJTW1990 resolves to 1
MLOGIC(RUNMOD):  Parameter VAL has value 1
MLOGIC(RUNMOD):  Parameter MODNAME has value reviewjtw1990
MLOGIC(RUNMOD):  %PUT module &modname.
SYMBOLGEN:  Macro variable MODNAME resolves to reviewjtw1990
module reviewjtw1990
SYMBOLGEN:  Macro variable VAL resolves to 1
MLOGIC(RUNMOD):  %IF condition (&val.=1) is TRUE
SYMBOLGEN:  Macro variable DIRPROG resolves to /programs/projects/mobz2
SYMBOLGEN:  Macro variable MODNAME resolves to reviewjtw1990
SYMBOLGEN:  Macro variable DIRPROG resolves to /programs/projects/mobz2
SYMBOLGEN:  Macro variable MODNAME resolves to reviewjtw1990

NOTE: SAS Institute Inc., SAS Campus Drive, Cary, NC USA 27513-2414
NOTE: The SAS System used:
      real time           2.05 seconds
      cpu time            1.74 seconds
      
